  Min_str.cpp
C:\Users\gayal\OneDrive\Документы\GitHub\tasks-algos\WEEK_1\Min_str\Min_str.cpp(13,20): error C2677: бинарный "<": не найден глобальный оператор, принимающий тип "std::string" (или приемлемое преобразование отсутствует)
C:\Program Files\Microsoft Visual Studio\2022\Community\VC\Tools\MSVC\14.33.31629\include\vector(2166,30): message : может быть "bool std::operator <(const std::vector<_Ty,_Alloc> &,const std::vector<_Ty,_Alloc> &)"
C:\Users\gayal\OneDrive\Документы\GitHub\tasks-algos\WEEK_1\Min_str\Min_str.cpp(13,20): error C2784: bool std::operator <(const std::vector<_Ty,_Alloc> &,const std::vector<_Ty,_Alloc> &): не удается составить аргумент шаблон для "const std::vector<_Ty,_Alloc> &" от "_Elem"
          with
          [
              _Elem=char
          ]
C:\Program Files\Microsoft Visual Studio\2022\Community\VC\Tools\MSVC\14.33.31629\include\vector(2166): message : см. объявление "std::operator <"
C:\Users\gayal\OneDrive\Документы\GitHub\tasks-algos\WEEK_1\Min_str\Min_str.cpp(13,20): error C2784: bool std::operator <(std::nullptr_t,const std::unique_ptr<_Ty,_Dx> &): не удается составить аргумент шаблон для "const std::unique_ptr<_Ty,_Dx> &" от "std::string"
C:\Users\gayal\OneDrive\Документы\GitHub\tasks-algos\WEEK_1\Min_str\Min_str.cpp(13,20): error C2784: bool std::operator <(const std::unique_ptr<_Ty,_Dx> &,std::nullptr_t): не удается составить аргумент шаблон для "const std::unique_ptr<_Ty,_Dx> &" от "_Elem"
          with
          [
              _Elem=char
          ]
C:\Users\gayal\OneDrive\Документы\GitHub\tasks-algos\WEEK_1\Min_str\Min_str.cpp(13,20): error C2784: bool std::operator <(const std::unique_ptr<_Ty,_Dx> &,const std::unique_ptr<_Ty2,_Dx2> &): не удается составить аргумент шаблон для "const std::unique_ptr<_Ty,_Dx> &" от "_Elem"
          with
          [
              _Elem=char
          ]
C:\Users\gayal\OneDrive\Документы\GitHub\tasks-algos\WEEK_1\Min_str\Min_str.cpp(13,20): error C2784: bool std::operator <(std::nullptr_t,const std::shared_ptr<_Ty> &) noexcept: не удается составить аргумент шаблон для "const std::shared_ptr<_Ty> &" от "std::string"
C:\Users\gayal\OneDrive\Документы\GitHub\tasks-algos\WEEK_1\Min_str\Min_str.cpp(13,20): error C2784: bool std::operator <(const std::shared_ptr<_Ty> &,std::nullptr_t) noexcept: не удается составить аргумент шаблон для "const std::shared_ptr<_Ty> &" от "_Elem"
          with
          [
              _Elem=char
          ]
C:\Users\gayal\OneDrive\Документы\GitHub\tasks-algos\WEEK_1\Min_str\Min_str.cpp(13,20): error C2784: bool std::operator <(const std::shared_ptr<_Ty> &,const std::shared_ptr<_Ty0> &) noexcept: не удается составить аргумент шаблон для "const std::shared_ptr<_Ty> &" от "_Elem"
          with
          [
              _Elem=char
          ]
C:\Users\gayal\OneDrive\Документы\GitHub\tasks-algos\WEEK_1\Min_str\Min_str.cpp(13,20): error C2784: bool std::operator <(const std::basic_string<_Elem,_Traits,_Alloc> &,const _Elem *const ): не удается составить аргумент шаблон для "const std::basic_string<_Elem,_Traits,_Alloc> &" от "_Elem"
          with
          [
              _Elem=char
          ]
C:\Users\gayal\OneDrive\Документы\GitHub\tasks-algos\WEEK_1\Min_str\Min_str.cpp(13,20): error C2784: bool std::operator <(const _Elem *const ,const std::basic_string<_Elem,_Traits,_Alloc> &): не удается составить аргумент шаблон для "const _Elem *const " от "_Elem"
          with
          [
              _Elem=char
          ]
C:\Users\gayal\OneDrive\Документы\GitHub\tasks-algos\WEEK_1\Min_str\Min_str.cpp(13,20): error C2784: bool std::operator <(const std::basic_string<_Elem,_Traits,_Alloc> &,const std::basic_string<_Elem,_Traits,_Alloc> &) noexcept: не удается составить аргумент шаблон для "const std::basic_string<_Elem,_Traits,_Alloc> &" от "_Elem"
          with
          [
              _Elem=char
          ]
C:\Users\gayal\OneDrive\Документы\GitHub\tasks-algos\WEEK_1\Min_str\Min_str.cpp(13,20): error C2784: bool std::operator <(const std::move_iterator<_Iter> &,const std::move_iterator<_Iter2> &): не удается составить аргумент шаблон для "const std::move_iterator<_Iter> &" от "_Elem"
          with
          [
              _Elem=char
          ]
C:\Users\gayal\OneDrive\Документы\GitHub\tasks-algos\WEEK_1\Min_str\Min_str.cpp(13,20): error C2784: bool std::operator <(const std::reverse_iterator<_BidIt> &,const std::reverse_iterator<_BidIt2> &): не удается составить аргумент шаблон для "const std::reverse_iterator<_BidIt> &" от "_Elem"
          with
          [
              _Elem=char
          ]
C:\Users\gayal\OneDrive\Документы\GitHub\tasks-algos\WEEK_1\Min_str\Min_str.cpp(13,20): error C2784: bool std::operator <(const std::pair<_Ty1,_Ty2> &,const std::pair<_Ty1,_Ty2> &): не удается составить аргумент шаблон для "const std::pair<_Ty1,_Ty2> &" от "_Elem"
          with
          [
              _Elem=char
          ]
